[{"TimeUTC":"2025-12-02 08:26:33","timestampInMs":1764663993030,"requestPath":"tw-zapier-login-hqggcon75-nsngarys-projects.vercel.app/favicon.png","requestMethod":"GET","requestQueryString":"","responseStatusCode":500,"requestId":"2hptk-1764663992924-0ef45f77ccc2","requestUserAgent":"vercel-favicon/1.0","level":"error","environment":"production","branch":"main","vercelCache":"","type":"lambda","function":"/api/index","host":"tw-zapier-login-hqggcon75-nsngarys-projects.vercel.app","deploymentDomain":"tw-zapier-login-hqggcon75-nsngarys-projects.vercel.app","deploymentId":"dpl_AdR7jLSgZwjLvrUy4pJf8R3TJEw3","durationMs":9,"region":"iad1","maxMemoryUsed":168,"memorySize":2048,"message":"tainer\\\\BindingResolutionException))\n#19 {main}\n\nNext Illuminate\\\\Contracts\\\\Container\\\\BindingResolutionException: Target class [view] does not exist. in /var/task/user/vendor/laravel/framework/src/Illuminate/Container/Container.php:1162\nStack trace:\n#0 /var/task/user/vendor/laravel/framework/src/Illuminate/Container/Container.php(971): Illuminate\\\\Container\\\\Container->build('view')\n#1 /var/task/user/vendor/laravel/framework/src/Illuminate/Foundation/Application.php(1077): Illuminate\\\\Container\\\\Container->resolve('view', Array, true)\n#2 /var/task/user/vendor/laravel/framework/src/Illuminate/Container/Container.php(902): Illuminate\\\\Foundation\\\\Application->resolve('view', Array)\n#3 /var/task/user/vendor/laravel/framework/src/Illuminate/Foundation/Application.php(1057): Illuminate\\\\Container\\\\Container->make('view', Array)\n#4 /var/task/user/vendor/laravel/framework/src/Illuminate/Container/Container.php(1822): Illuminate\\\\Foundation\\\\Application->make('view')\n#5 /var/task/user/vendor/laravel/framework/src/Illuminate/Support/Facades/Facade.php(240): Illuminate\\\\Container\\\\Container->offsetGet('view')\n#6 /var/task/user/vendor/laravel/framework/src/Illuminate/Support/Facades/Facade.php(211): Illuminate\\\\Support\\\\Facades\\\\Facade::resolveFacadeInstance('view')\n#7 /var/task/user/vendor/laravel/framework/src/Illuminate/Support/Facades/Facade.php(357): Illuminate\\\\Support\\\\Facades\\\\Facade::getFacadeRoot()\n#8 /var/task/user/vendor/laravel/framework/src/Illuminate/Foundation/Exceptions/RegisterErrorViewPaths.php(17): Illuminate\\\\Support\\\\Facades\\\\Facade::__callStatic('replaceNamespac...', Array)\n#9 /var/task/user/vendor/laravel/framework/src/Illuminate/Foundation/Exceptions/Handler.php(948): Illuminate\\\\Foundation\\\\Exceptions\\\\RegisterErrorViewPaths->__invoke()\n#10 /var/task/user/vendor/laravel/framework/src/Illuminate/Foundation/Exceptions/Handler.php(923): Illuminate\\\\Foundation\\\\Exceptions\\\\Handler->registerErrorViewPaths()\n#11 /var/task/user/vendor/laravel/framework/src/Illuminate/Foundation/Exceptions/Handler.php(848): Illuminate\\\\Foundation\\\\Exceptions\\\\Handler->renderHttpException(Object(Symfony\\\\Component\\\\HttpKernel\\\\Exception\\\\HttpException))\n#12 /var/task/user/vendor/laravel/framework/src/Illuminate/Foundation/Exceptions/Handler.php(739): Illuminate\\\\Foundation\\\\Exceptions\\\\Handler->prepareResponse(Object(Illuminate\\\\Http\\\\Request), Object(Symfony\\\\Component\\\\HttpKernel\\\\Exception\\\\HttpException))\n#13 /var/task/user/vendor/laravel/framework/src/Illuminate/Foundation/Exceptions/Handler.php(627): Illuminate\\\\Foundation\\\\Exceptions\\\\Handler->renderExceptionResponse(Object(Illuminate\\\\Http\\\\Request), Object(Illuminate\\\\Contracts\\\\Container\\\\BindingResolutionException))\n#14 /var/task/user/vendor/laravel/framework/src/Illuminate/Foundation/Bootstrap/HandleExceptions.php(221): Illuminate\\\\Foundation\\\\Exceptions\\\\Handler->render(Object(Illuminate\\\\Http\\\\Request), Object(Illuminate\\\\Contracts\\\\Container\\\\BindingResolutionException))\n#15 /var/task/user/vendor/laravel/framework/src/Illuminate/Foundation/Bootstrap/HandleExceptions.php(198): Illuminate\\\\Foundation\\\\Bootstrap\\\\HandleExceptions->renderHttpResponse(Object(Illuminate\\\\Contracts\\\\Container\\\\BindingResolutionException))\n#16 /var/task/user/vendor/laravel/framework/src/Illuminate/Foundation/Bootstrap/HandleExceptions.php(258): Illuminate\\\\Foundation\\\\Bootstrap\\\\HandleExceptions->handleException(Object(Illuminate\\\\Contracts\\\\Container\\\\BindingResolutionException))\n#17 [internal function]: Illuminate\\\\Foundation\\\\Bootstrap\\\\HandleExceptions->Illuminate\\\\Foundation\\\\Bootstrap\\\\{closure}(Object(Illuminate\\\\Contracts\\\\Container\\\\BindingResolutionException))\n#18 {main}\n  thrown at /var/task/user/vendor/laravel/framework/src/Illuminate/Container/Container.php:1162)\n[stacktrace]\n#0 {main}\n\"} \n\nðŸ˜STDERR: [Tue Dec  2 08:26:32 2025] 127.0.0.1:39206 Closing\n","projectId":"prj_jev7xO0wOTdFzcZjDRXZ6jmSnDTV","traceId":"","sessionId":"","invocationId":"","instanceId":"","concurrency":1},{"TimeUTC":"2025-12-02 08:26:30","timestampInMs":1764663990829,"requestPath":"tw-zapier-login-hqggcon75-nsngarys-projects.vercel.app/favicon.png","requestMethod":"GET","requestQueryString":"","responseStatusCode":500,"requestId":"67vbr-1764663990552-64f3a91d2b42","requestUserAgent":"vercel-favicon/1.0","level":"error","environment":"production","branch":"main","vercelCache":"","type":"lambda","function":"/api/index","host":"tw-zapier-login-hqggcon75-nsngarys-projects.vercel.app","deploymentDomain":"tw-zapier-login-hqggcon75-nsngarys-projects.vercel.app","deploymentId":"dpl_AdR7jLSgZwjLvrUy4pJf8R3TJEw3","durationMs":11,"region":"iad1","maxMemoryUsed":168,"memorySize":2048,"message":"ainer\\\\BindingResolutionException))\n#19 {main}\n\nNext Illuminate\\\\Contracts\\\\Container\\\\BindingResolutionException: Target class [view] does not exist. in /var/task/user/vendor/laravel/framework/src/Illuminate/Container/Container.php:1162\nStack trace:\n#0 /var/task/user/vendor/laravel/framework/src/Illuminate/Container/Container.php(971): Illuminate\\\\Container\\\\Container->build('view')\n#1 /var/task/user/vendor/laravel/framework/src/Illuminate/Foundation/Application.php(1077): Illuminate\\\\Container\\\\Container->resolve('view', Array, true)\n#2 /var/task/user/vendor/laravel/framework/src/Illuminate/Container/Container.php(902): Illuminate\\\\Foundation\\\\Application->resolve('view', Array)\n#3 /var/task/user/vendor/laravel/framework/src/Illuminate/Foundation/Application.php(1057): Illuminate\\\\Container\\\\Container->make('view', Array)\n#4 /var/task/user/vendor/laravel/framework/src/Illuminate/Container/Container.php(1822): Illuminate\\\\Foundation\\\\Application->make('view')\n#5 /var/task/user/vendor/laravel/framework/src/Illuminate/Support/Facades/Facade.php(240): Illuminate\\\\Container\\\\Container->offsetGet('view')\n#6 /var/task/user/vendor/laravel/framework/src/Illuminate/Support/Facades/Facade.php(211): Illuminate\\\\Support\\\\Facades\\\\Facade::resolveFacadeInstance('view')\n#7 /var/task/user/vendor/laravel/framework/src/Illuminate/Support/Facades/Facade.php(357): Illuminate\\\\Support\\\\Facades\\\\Facade::getFacadeRoot()\n#8 /var/task/user/vendor/laravel/framework/src/Illuminate/Foundation/Exceptions/RegisterErrorViewPaths.php(17): Illuminate\\\\Support\\\\Facades\\\\Facade::__callStatic('replaceNamespac...', Array)\n#9 /var/task/user/vendor/laravel/framework/src/Illuminate/Foundation/Exceptions/Handler.php(948): Illuminate\\\\Foundation\\\\Exceptions\\\\RegisterErrorViewPaths->__invoke()\n#10 /var/task/user/vendor/laravel/framework/src/Illuminate/Foundation/Exceptions/Handler.php(923): Illuminate\\\\Foundation\\\\Exceptions\\\\Handler->registerErrorViewPaths()\n#11 /var/task/user/vendor/laravel/framework/src/Illuminate/Foundation/Exceptions/Handler.php(848): Illuminate\\\\Foundation\\\\Exceptions\\\\Handler->renderHttpException(Object(Symfony\\\\Component\\\\HttpKernel\\\\Exception\\\\HttpException))\n#12 /var/task/user/vendor/laravel/framework/src/Illuminate/Foundation/Exceptions/Handler.php(739): Illuminate\\\\Foundation\\\\Exceptions\\\\Handler->prepareResponse(Object(Illuminate\\\\Http\\\\Request), Object(Symfony\\\\Component\\\\HttpKernel\\\\Exception\\\\HttpException))\n#13 /var/task/user/vendor/laravel/framework/src/Illuminate/Foundation/Exceptions/Handler.php(627): Illuminate\\\\Foundation\\\\Exceptions\\\\Handler->renderExceptionResponse(Object(Illuminate\\\\Http\\\\Request), Object(Illuminate\\\\Contracts\\\\Container\\\\BindingResolutionException))\n#14 /var/task/user/vendor/laravel/framework/src/Illuminate/Foundation/Bootstrap/HandleExceptions.php(221): Illuminate\\\\Foundation\\\\Exceptions\\\\Handler->render(Object(Illuminate\\\\Http\\\\Request), Object(Illuminate\\\\Contracts\\\\Container\\\\BindingResolutionException))\n#15 /var/task/user/vendor/laravel/framework/src/Illuminate/Foundation/Bootstrap/HandleExceptions.php(198): Illuminate\\\\Foundation\\\\Bootstrap\\\\HandleExceptions->renderHttpResponse(Object(Illuminate\\\\Contracts\\\\Container\\\\BindingResolutionException))\n#16 /var/task/user/vendor/laravel/framework/src/Illuminate/Foundation/Bootstrap/HandleExceptions.php(258): Illuminate\\\\Foundation\\\\Bootstrap\\\\HandleExceptions->handleException(Object(Illuminate\\\\Contracts\\\\Container\\\\BindingResolutionException))\n#17 [internal function]: Illuminate\\\\Foundation\\\\Bootstrap\\\\HandleExceptions->Illuminate\\\\Foundation\\\\Bootstrap\\\\{closure}(Object(Illuminate\\\\Contracts\\\\Container\\\\BindingResolutionException))\n#18 {main}\n  thrown at /var/task/user/vendor/laravel/framework/src/Illuminate/Container/Container.php:1162)\n[stacktrace]\n#0 {main}\n\"} \n\nðŸ˜STDERR: [Tue Dec  2 08:26:30 2025] 127.0.0.1:39190 Closing\n","projectId":"prj_jev7xO0wOTdFzcZjDRXZ6jmSnDTV","traceId":"","sessionId":"","invocationId":"","instanceId":"","concurrency":1},{"TimeUTC":"2025-12-02 08:26:29","timestampInMs":1764663989507,"requestPath":"tw-zapier-login-hqggcon75-nsngarys-projects.vercel.app/favicon.png","requestMethod":"GET","requestQueryString":"","responseStatusCode":500,"requestId":"2hptk-1764663989401-696296978a85","requestUserAgent":"vercel-favicon/1.0","level":"error","environment":"production","branch":"main","vercelCache":"","type":"lambda","function":"/api/index","host":"tw-zapier-login-hqggcon75-nsngarys-projects.vercel.app","deploymentDomain":"tw-zapier-login-hqggcon75-nsngarys-projects.vercel.app","deploymentId":"dpl_AdR7jLSgZwjLvrUy4pJf8R3TJEw3","durationMs":10,"region":"iad1","maxMemoryUsed":168,"memorySize":2048,"message":"ainer\\\\BindingResolutionException))\n#19 {main}\n\nNext Illuminate\\\\Contracts\\\\Container\\\\BindingResolutionException: Target class [view] does not exist. in /var/task/user/vendor/laravel/framework/src/Illuminate/Container/Container.php:1162\nStack trace:\n#0 /var/task/user/vendor/laravel/framework/src/Illuminate/Container/Container.php(971): Illuminate\\\\Container\\\\Container->build('view')\n#1 /var/task/user/vendor/laravel/framework/src/Illuminate/Foundation/Application.php(1077): Illuminate\\\\Container\\\\Container->resolve('view', Array, true)\n#2 /var/task/user/vendor/laravel/framework/src/Illuminate/Container/Container.php(902): Illuminate\\\\Foundation\\\\Application->resolve('view', Array)\n#3 /var/task/user/vendor/laravel/framework/src/Illuminate/Foundation/Application.php(1057): Illuminate\\\\Container\\\\Container->make('view', Array)\n#4 /var/task/user/vendor/laravel/framework/src/Illuminate/Container/Container.php(1822): Illuminate\\\\Foundation\\\\Application->make('view')\n#5 /var/task/user/vendor/laravel/framework/src/Illuminate/Support/Facades/Facade.php(240): Illuminate\\\\Container\\\\Container->offsetGet('view')\n#6 /var/task/user/vendor/laravel/framework/src/Illuminate/Support/Facades/Facade.php(211): Illuminate\\\\Support\\\\Facades\\\\Facade::resolveFacadeInstance('view')\n#7 /var/task/user/vendor/laravel/framework/src/Illuminate/Support/Facades/Facade.php(357): Illuminate\\\\Support\\\\Facades\\\\Facade::getFacadeRoot()\n#8 /var/task/user/vendor/laravel/framework/src/Illuminate/Foundation/Exceptions/RegisterErrorViewPaths.php(17): Illuminate\\\\Support\\\\Facades\\\\Facade::__callStatic('replaceNamespac...', Array)\n#9 /var/task/user/vendor/laravel/framework/src/Illuminate/Foundation/Exceptions/Handler.php(948): Illuminate\\\\Foundation\\\\Exceptions\\\\RegisterErrorViewPaths->__invoke()\n#10 /var/task/user/vendor/laravel/framework/src/Illuminate/Foundation/Exceptions/Handler.php(923): Illuminate\\\\Foundation\\\\Exceptions\\\\Handler->registerErrorViewPaths()\n#11 /var/task/user/vendor/laravel/framework/src/Illuminate/Foundation/Exceptions/Handler.php(848): Illuminate\\\\Foundation\\\\Exceptions\\\\Handler->renderHttpException(Object(Symfony\\\\Component\\\\HttpKernel\\\\Exception\\\\HttpException))\n#12 /var/task/user/vendor/laravel/framework/src/Illuminate/Foundation/Exceptions/Handler.php(739): Illuminate\\\\Foundation\\\\Exceptions\\\\Handler->prepareResponse(Object(Illuminate\\\\Http\\\\Request), Object(Symfony\\\\Component\\\\HttpKernel\\\\Exception\\\\HttpException))\n#13 /var/task/user/vendor/laravel/framework/src/Illuminate/Foundation/Exceptions/Handler.php(627): Illuminate\\\\Foundation\\\\Exceptions\\\\Handler->renderExceptionResponse(Object(Illuminate\\\\Http\\\\Request), Object(Illuminate\\\\Contracts\\\\Container\\\\BindingResolutionException))\n#14 /var/task/user/vendor/laravel/framework/src/Illuminate/Foundation/Bootstrap/HandleExceptions.php(221): Illuminate\\\\Foundation\\\\Exceptions\\\\Handler->render(Object(Illuminate\\\\Http\\\\Request), Object(Illuminate\\\\Contracts\\\\Container\\\\BindingResolutionException))\n#15 /var/task/user/vendor/laravel/framework/src/Illuminate/Foundation/Bootstrap/HandleExceptions.php(198): Illuminate\\\\Foundation\\\\Bootstrap\\\\HandleExceptions->renderHttpResponse(Object(Illuminate\\\\Contracts\\\\Container\\\\BindingResolutionException))\n#16 /var/task/user/vendor/laravel/framework/src/Illuminate/Foundation/Bootstrap/HandleExceptions.php(258): Illuminate\\\\Foundation\\\\Bootstrap\\\\HandleExceptions->handleException(Object(Illuminate\\\\Contracts\\\\Container\\\\BindingResolutionException))\n#17 [internal function]: Illuminate\\\\Foundation\\\\Bootstrap\\\\HandleExceptions->Illuminate\\\\Foundation\\\\Bootstrap\\\\{closure}(Object(Illuminate\\\\Contracts\\\\Container\\\\BindingResolutionException))\n#18 {main}\n  thrown at /var/task/user/vendor/laravel/framework/src/Illuminate/Container/Container.php:1162)\n[stacktrace]\n#0 {main}\n\"} \n\nðŸ˜STDERR: [Tue Dec  2 08:26:29 2025] 127.0.0.1:48864 Closing\n","projectId":"prj_jev7xO0wOTdFzcZjDRXZ6jmSnDTV","traceId":"","sessionId":"","invocationId":"","instanceId":"","concurrency":1},{"TimeUTC":"2025-12-02 08:26:29","timestampInMs":1764663989397,"requestPath":"tw-zapier-login-hqggcon75-nsngarys-projects.vercel.app/favicon.ico","requestMethod":"GET","requestQueryString":"","responseStatusCode":500,"requestId":"2hptk-1764663989298-66c87561212c","requestUserAgent":"vercel-favicon/1.0","level":"error","environment":"production","branch":"main","vercelCache":"","type":"lambda","function":"/api/index","host":"tw-zapier-login-hqggcon75-nsngarys-projects.vercel.app","deploymentDomain":"tw-zapier-login-hqggcon75-nsngarys-projects.vercel.app","deploymentId":"dpl_AdR7jLSgZwjLvrUy4pJf8R3TJEw3","durationMs":10,"region":"iad1","maxMemoryUsed":168,"memorySize":2048,"message":"ainer\\\\BindingResolutionException))\n#19 {main}\n\nNext Illuminate\\\\Contracts\\\\Container\\\\BindingResolutionException: Target class [view] does not exist. in /var/task/user/vendor/laravel/framework/src/Illuminate/Container/Container.php:1162\nStack trace:\n#0 /var/task/user/vendor/laravel/framework/src/Illuminate/Container/Container.php(971): Illuminate\\\\Container\\\\Container->build('view')\n#1 /var/task/user/vendor/laravel/framework/src/Illuminate/Foundation/Application.php(1077): Illuminate\\\\Container\\\\Container->resolve('view', Array, true)\n#2 /var/task/user/vendor/laravel/framework/src/Illuminate/Container/Container.php(902): Illuminate\\\\Foundation\\\\Application->resolve('view', Array)\n#3 /var/task/user/vendor/laravel/framework/src/Illuminate/Foundation/Application.php(1057): Illuminate\\\\Container\\\\Container->make('view', Array)\n#4 /var/task/user/vendor/laravel/framework/src/Illuminate/Container/Container.php(1822): Illuminate\\\\Foundation\\\\Application->make('view')\n#5 /var/task/user/vendor/laravel/framework/src/Illuminate/Support/Facades/Facade.php(240): Illuminate\\\\Container\\\\Container->offsetGet('view')\n#6 /var/task/user/vendor/laravel/framework/src/Illuminate/Support/Facades/Facade.php(211): Illuminate\\\\Support\\\\Facades\\\\Facade::resolveFacadeInstance('view')\n#7 /var/task/user/vendor/laravel/framework/src/Illuminate/Support/Facades/Facade.php(357): Illuminate\\\\Support\\\\Facades\\\\Facade::getFacadeRoot()\n#8 /var/task/user/vendor/laravel/framework/src/Illuminate/Foundation/Exceptions/RegisterErrorViewPaths.php(17): Illuminate\\\\Support\\\\Facades\\\\Facade::__callStatic('replaceNamespac...', Array)\n#9 /var/task/user/vendor/laravel/framework/src/Illuminate/Foundation/Exceptions/Handler.php(948): Illuminate\\\\Foundation\\\\Exceptions\\\\RegisterErrorViewPaths->__invoke()\n#10 /var/task/user/vendor/laravel/framework/src/Illuminate/Foundation/Exceptions/Handler.php(923): Illuminate\\\\Foundation\\\\Exceptions\\\\Handler->registerErrorViewPaths()\n#11 /var/task/user/vendor/laravel/framework/src/Illuminate/Foundation/Exceptions/Handler.php(848): Illuminate\\\\Foundation\\\\Exceptions\\\\Handler->renderHttpException(Object(Symfony\\\\Component\\\\HttpKernel\\\\Exception\\\\HttpException))\n#12 /var/task/user/vendor/laravel/framework/src/Illuminate/Foundation/Exceptions/Handler.php(739): Illuminate\\\\Foundation\\\\Exceptions\\\\Handler->prepareResponse(Object(Illuminate\\\\Http\\\\Request), Object(Symfony\\\\Component\\\\HttpKernel\\\\Exception\\\\HttpException))\n#13 /var/task/user/vendor/laravel/framework/src/Illuminate/Foundation/Exceptions/Handler.php(627): Illuminate\\\\Foundation\\\\Exceptions\\\\Handler->renderExceptionResponse(Object(Illuminate\\\\Http\\\\Request), Object(Illuminate\\\\Contracts\\\\Container\\\\BindingResolutionException))\n#14 /var/task/user/vendor/laravel/framework/src/Illuminate/Foundation/Bootstrap/HandleExceptions.php(221): Illuminate\\\\Foundation\\\\Exceptions\\\\Handler->render(Object(Illuminate\\\\Http\\\\Request), Object(Illuminate\\\\Contracts\\\\Container\\\\BindingResolutionException))\n#15 /var/task/user/vendor/laravel/framework/src/Illuminate/Foundation/Bootstrap/HandleExceptions.php(198): Illuminate\\\\Foundation\\\\Bootstrap\\\\HandleExceptions->renderHttpResponse(Object(Illuminate\\\\Contracts\\\\Container\\\\BindingResolutionException))\n#16 /var/task/user/vendor/laravel/framework/src/Illuminate/Foundation/Bootstrap/HandleExceptions.php(258): Illuminate\\\\Foundation\\\\Bootstrap\\\\HandleExceptions->handleException(Object(Illuminate\\\\Contracts\\\\Container\\\\BindingResolutionException))\n#17 [internal function]: Illuminate\\\\Foundation\\\\Bootstrap\\\\HandleExceptions->Illuminate\\\\Foundation\\\\Bootstrap\\\\{closure}(Object(Illuminate\\\\Contracts\\\\Container\\\\BindingResolutionException))\n#18 {main}\n  thrown at /var/task/user/vendor/laravel/framework/src/Illuminate/Container/Container.php:1162)\n[stacktrace]\n#0 {main}\n\"} \n\nðŸ˜STDERR: [Tue Dec  2 08:26:29 2025] 127.0.0.1:48850 Closing\n","projectId":"prj_jev7xO0wOTdFzcZjDRXZ6jmSnDTV","traceId":"","sessionId":"","invocationId":"","instanceId":"","concurrency":1},{"TimeUTC":"2025-12-02 08:26:27","timestampInMs":1764663987250,"requestPath":"tw-zapier-login-hqggcon75-nsngarys-projects.vercel.app/favicon.ico","requestMethod":"GET","requestQueryString":"","responseStatusCode":500,"requestId":"4z256-1764663987152-86a83f03b6f4","requestUserAgent":"vercel-favicon/1.0","level":"error","environment":"production","branch":"main","vercelCache":"","type":"lambda","function":"/api/index","host":"tw-zapier-login-hqggcon75-nsngarys-projects.vercel.app","deploymentDomain":"tw-zapier-login-hqggcon75-nsngarys-projects.vercel.app","deploymentId":"dpl_AdR7jLSgZwjLvrUy4pJf8R3TJEw3","durationMs":9,"region":"iad1","maxMemoryUsed":168,"memorySize":2048,"message":"tainer\\\\BindingResolutionException))\n#19 {main}\n\nNext Illuminate\\\\Contracts\\\\Container\\\\BindingResolutionException: Target class [view] does not exist. in /var/task/user/vendor/laravel/framework/src/Illuminate/Container/Container.php:1162\nStack trace:\n#0 /var/task/user/vendor/laravel/framework/src/Illuminate/Container/Container.php(971): Illuminate\\\\Container\\\\Container->build('view')\n#1 /var/task/user/vendor/laravel/framework/src/Illuminate/Foundation/Application.php(1077): Illuminate\\\\Container\\\\Container->resolve('view', Array, true)\n#2 /var/task/user/vendor/laravel/framework/src/Illuminate/Container/Container.php(902): Illuminate\\\\Foundation\\\\Application->resolve('view', Array)\n#3 /var/task/user/vendor/laravel/framework/src/Illuminate/Foundation/Application.php(1057): Illuminate\\\\Container\\\\Container->make('view', Array)\n#4 /var/task/user/vendor/laravel/framework/src/Illuminate/Container/Container.php(1822): Illuminate\\\\Foundation\\\\Application->make('view')\n#5 /var/task/user/vendor/laravel/framework/src/Illuminate/Support/Facades/Facade.php(240): Illuminate\\\\Container\\\\Container->offsetGet('view')\n#6 /var/task/user/vendor/laravel/framework/src/Illuminate/Support/Facades/Facade.php(211): Illuminate\\\\Support\\\\Facades\\\\Facade::resolveFacadeInstance('view')\n#7 /var/task/user/vendor/laravel/framework/src/Illuminate/Support/Facades/Facade.php(357): Illuminate\\\\Support\\\\Facades\\\\Facade::getFacadeRoot()\n#8 /var/task/user/vendor/laravel/framework/src/Illuminate/Foundation/Exceptions/RegisterErrorViewPaths.php(17): Illuminate\\\\Support\\\\Facades\\\\Facade::__callStatic('replaceNamespac...', Array)\n#9 /var/task/user/vendor/laravel/framework/src/Illuminate/Foundation/Exceptions/Handler.php(948): Illuminate\\\\Foundation\\\\Exceptions\\\\RegisterErrorViewPaths->__invoke()\n#10 /var/task/user/vendor/laravel/framework/src/Illuminate/Foundation/Exceptions/Handler.php(923): Illuminate\\\\Foundation\\\\Exceptions\\\\Handler->registerErrorViewPaths()\n#11 /var/task/user/vendor/laravel/framework/src/Illuminate/Foundation/Exceptions/Handler.php(848): Illuminate\\\\Foundation\\\\Exceptions\\\\Handler->renderHttpException(Object(Symfony\\\\Component\\\\HttpKernel\\\\Exception\\\\HttpException))\n#12 /var/task/user/vendor/laravel/framework/src/Illuminate/Foundation/Exceptions/Handler.php(739): Illuminate\\\\Foundation\\\\Exceptions\\\\Handler->prepareResponse(Object(Illuminate\\\\Http\\\\Request), Object(Symfony\\\\Component\\\\HttpKernel\\\\Exception\\\\HttpException))\n#13 /var/task/user/vendor/laravel/framework/src/Illuminate/Foundation/Exceptions/Handler.php(627): Illuminate\\\\Foundation\\\\Exceptions\\\\Handler->renderExceptionResponse(Object(Illuminate\\\\Http\\\\Request), Object(Illuminate\\\\Contracts\\\\Container\\\\BindingResolutionException))\n#14 /var/task/user/vendor/laravel/framework/src/Illuminate/Foundation/Bootstrap/HandleExceptions.php(221): Illuminate\\\\Foundation\\\\Exceptions\\\\Handler->render(Object(Illuminate\\\\Http\\\\Request), Object(Illuminate\\\\Contracts\\\\Container\\\\BindingResolutionException))\n#15 /var/task/user/vendor/laravel/framework/src/Illuminate/Foundation/Bootstrap/HandleExceptions.php(198): Illuminate\\\\Foundation\\\\Bootstrap\\\\HandleExceptions->renderHttpResponse(Object(Illuminate\\\\Contracts\\\\Container\\\\BindingResolutionException))\n#16 /var/task/user/vendor/laravel/framework/src/Illuminate/Foundation/Bootstrap/HandleExceptions.php(258): Illuminate\\\\Foundation\\\\Bootstrap\\\\HandleExceptions->handleException(Object(Illuminate\\\\Contracts\\\\Container\\\\BindingResolutionException))\n#17 [internal function]: Illuminate\\\\Foundation\\\\Bootstrap\\\\HandleExceptions->Illuminate\\\\Foundation\\\\Bootstrap\\\\{closure}(Object(Illuminate\\\\Contracts\\\\Container\\\\BindingResolutionException))\n#18 {main}\n  thrown at /var/task/user/vendor/laravel/framework/src/Illuminate/Container/Container.php:1162)\n[stacktrace]\n#0 {main}\n\"} \n\nðŸ˜STDERR: [Tue Dec  2 08:26:27 2025] 127.0.0.1:48836 Closing\n","projectId":"prj_jev7xO0wOTdFzcZjDRXZ6jmSnDTV","traceId":"","sessionId":"","invocationId":"","instanceId":"","concurrency":1},{"TimeUTC":"2025-12-02 08:26:26","timestampInMs":1764663986124,"requestPath":"tw-zapier-login-hqggcon75-nsngarys-projects.vercel.app/favicon.ico","requestMethod":"GET","requestQueryString":"","responseStatusCode":500,"requestId":"tk2jp-1764663985730-42d30dd8af49","requestUserAgent":"vercel-favicon/1.0","level":"error","environment":"production","branch":"main","vercelCache":"","type":"lambda","function":"/api/index","host":"tw-zapier-login-hqggcon75-nsngarys-projects.vercel.app","deploymentDomain":"tw-zapier-login-hqggcon75-nsngarys-projects.vercel.app","deploymentId":"dpl_AdR7jLSgZwjLvrUy4pJf8R3TJEw3","durationMs":10,"region":"iad1","maxMemoryUsed":168,"memorySize":2048,"message":"ainer\\\\BindingResolutionException))\n#19 {main}\n\nNext Illuminate\\\\Contracts\\\\Container\\\\BindingResolutionException: Target class [view] does not exist. in /var/task/user/vendor/laravel/framework/src/Illuminate/Container/Container.php:1162\nStack trace:\n#0 /var/task/user/vendor/laravel/framework/src/Illuminate/Container/Container.php(971): Illuminate\\\\Container\\\\Container->build('view')\n#1 /var/task/user/vendor/laravel/framework/src/Illuminate/Foundation/Application.php(1077): Illuminate\\\\Container\\\\Container->resolve('view', Array, true)\n#2 /var/task/user/vendor/laravel/framework/src/Illuminate/Container/Container.php(902): Illuminate\\\\Foundation\\\\Application->resolve('view', Array)\n#3 /var/task/user/vendor/laravel/framework/src/Illuminate/Foundation/Application.php(1057): Illuminate\\\\Container\\\\Container->make('view', Array)\n#4 /var/task/user/vendor/laravel/framework/src/Illuminate/Container/Container.php(1822): Illuminate\\\\Foundation\\\\Application->make('view')\n#5 /var/task/user/vendor/laravel/framework/src/Illuminate/Support/Facades/Facade.php(240): Illuminate\\\\Container\\\\Container->offsetGet('view')\n#6 /var/task/user/vendor/laravel/framework/src/Illuminate/Support/Facades/Facade.php(211): Illuminate\\\\Support\\\\Facades\\\\Facade::resolveFacadeInstance('view')\n#7 /var/task/user/vendor/laravel/framework/src/Illuminate/Support/Facades/Facade.php(357): Illuminate\\\\Support\\\\Facades\\\\Facade::getFacadeRoot()\n#8 /var/task/user/vendor/laravel/framework/src/Illuminate/Foundation/Exceptions/RegisterErrorViewPaths.php(17): Illuminate\\\\Support\\\\Facades\\\\Facade::__callStatic('replaceNamespac...', Array)\n#9 /var/task/user/vendor/laravel/framework/src/Illuminate/Foundation/Exceptions/Handler.php(948): Illuminate\\\\Foundation\\\\Exceptions\\\\RegisterErrorViewPaths->__invoke()\n#10 /var/task/user/vendor/laravel/framework/src/Illuminate/Foundation/Exceptions/Handler.php(923): Illuminate\\\\Foundation\\\\Exceptions\\\\Handler->registerErrorViewPaths()\n#11 /var/task/user/vendor/laravel/framework/src/Illuminate/Foundation/Exceptions/Handler.php(848): Illuminate\\\\Foundation\\\\Exceptions\\\\Handler->renderHttpException(Object(Symfony\\\\Component\\\\HttpKernel\\\\Exception\\\\HttpException))\n#12 /var/task/user/vendor/laravel/framework/src/Illuminate/Foundation/Exceptions/Handler.php(739): Illuminate\\\\Foundation\\\\Exceptions\\\\Handler->prepareResponse(Object(Illuminate\\\\Http\\\\Request), Object(Symfony\\\\Component\\\\HttpKernel\\\\Exception\\\\HttpException))\n#13 /var/task/user/vendor/laravel/framework/src/Illuminate/Foundation/Exceptions/Handler.php(627): Illuminate\\\\Foundation\\\\Exceptions\\\\Handler->renderExceptionResponse(Object(Illuminate\\\\Http\\\\Request), Object(Illuminate\\\\Contracts\\\\Container\\\\BindingResolutionException))\n#14 /var/task/user/vendor/laravel/framework/src/Illuminate/Foundation/Bootstrap/HandleExceptions.php(221): Illuminate\\\\Foundation\\\\Exceptions\\\\Handler->render(Object(Illuminate\\\\Http\\\\Request), Object(Illuminate\\\\Contracts\\\\Container\\\\BindingResolutionException))\n#15 /var/task/user/vendor/laravel/framework/src/Illuminate/Foundation/Bootstrap/HandleExceptions.php(198): Illuminate\\\\Foundation\\\\Bootstrap\\\\HandleExceptions->renderHttpResponse(Object(Illuminate\\\\Contracts\\\\Container\\\\BindingResolutionException))\n#16 /var/task/user/vendor/laravel/framework/src/Illuminate/Foundation/Bootstrap/HandleExceptions.php(258): Illuminate\\\\Foundation\\\\Bootstrap\\\\HandleExceptions->handleException(Object(Illuminate\\\\Contracts\\\\Container\\\\BindingResolutionException))\n#17 [internal function]: Illuminate\\\\Foundation\\\\Bootstrap\\\\HandleExceptions->Illuminate\\\\Foundation\\\\Bootstrap\\\\{closure}(Object(Illuminate\\\\Contracts\\\\Container\\\\BindingResolutionException))\n#18 {main}\n  thrown at /var/task/user/vendor/laravel/framework/src/Illuminate/Container/Container.php:1162)\n[stacktrace]\n#0 {main}\n\"} \n\nðŸ˜STDERR: [Tue Dec  2 08:26:26 2025] 127.0.0.1:48828 Closing\n","projectId":"prj_jev7xO0wOTdFzcZjDRXZ6jmSnDTV","traceId":"","sessionId":"","invocationId":"","instanceId":"","concurrency":1},{"TimeUTC":"2025-12-02 08:26:25","timestampInMs":1764663985647,"requestPath":"tw-zapier-login-hqggcon75-nsngarys-projects.vercel.app/","requestMethod":"GET","requestQueryString":"","responseStatusCode":500,"requestId":"6nftl-1764663985537-ff861ef56bd2","requestUserAgent":"vercel-favicon/1.0","level":"error","environment":"production","branch":"main","vercelCache":"","type":"lambda","function":"/api/index","host":"tw-zapier-login-hqggcon75-nsngarys-projects.vercel.app","deploymentDomain":"tw-zapier-login-hqggcon75-nsngarys-projects.vercel.app","deploymentId":"dpl_AdR7jLSgZwjLvrUy4pJf8R3TJEw3","durationMs":10,"region":"iad1","maxMemoryUsed":168,"memorySize":2048,"message":"ainer\\\\BindingResolutionException))\n#19 {main}\n\nNext Illuminate\\\\Contracts\\\\Container\\\\BindingResolutionException: Target class [view] does not exist. in /var/task/user/vendor/laravel/framework/src/Illuminate/Container/Container.php:1162\nStack trace:\n#0 /var/task/user/vendor/laravel/framework/src/Illuminate/Container/Container.php(971): Illuminate\\\\Container\\\\Container->build('view')\n#1 /var/task/user/vendor/laravel/framework/src/Illuminate/Foundation/Application.php(1077): Illuminate\\\\Container\\\\Container->resolve('view', Array, true)\n#2 /var/task/user/vendor/laravel/framework/src/Illuminate/Container/Container.php(902): Illuminate\\\\Foundation\\\\Application->resolve('view', Array)\n#3 /var/task/user/vendor/laravel/framework/src/Illuminate/Foundation/Application.php(1057): Illuminate\\\\Container\\\\Container->make('view', Array)\n#4 /var/task/user/vendor/laravel/framework/src/Illuminate/Container/Container.php(1822): Illuminate\\\\Foundation\\\\Application->make('view')\n#5 /var/task/user/vendor/laravel/framework/src/Illuminate/Support/Facades/Facade.php(240): Illuminate\\\\Container\\\\Container->offsetGet('view')\n#6 /var/task/user/vendor/laravel/framework/src/Illuminate/Support/Facades/Facade.php(211): Illuminate\\\\Support\\\\Facades\\\\Facade::resolveFacadeInstance('view')\n#7 /var/task/user/vendor/laravel/framework/src/Illuminate/Support/Facades/Facade.php(357): Illuminate\\\\Support\\\\Facades\\\\Facade::getFacadeRoot()\n#8 /var/task/user/vendor/laravel/framework/src/Illuminate/Foundation/Exceptions/RegisterErrorViewPaths.php(17): Illuminate\\\\Support\\\\Facades\\\\Facade::__callStatic('replaceNamespac...', Array)\n#9 /var/task/user/vendor/laravel/framework/src/Illuminate/Foundation/Exceptions/Handler.php(948): Illuminate\\\\Foundation\\\\Exceptions\\\\RegisterErrorViewPaths->__invoke()\n#10 /var/task/user/vendor/laravel/framework/src/Illuminate/Foundation/Exceptions/Handler.php(923): Illuminate\\\\Foundation\\\\Exceptions\\\\Handler->registerErrorViewPaths()\n#11 /var/task/user/vendor/laravel/framework/src/Illuminate/Foundation/Exceptions/Handler.php(848): Illuminate\\\\Foundation\\\\Exceptions\\\\Handler->renderHttpException(Object(Symfony\\\\Component\\\\HttpKernel\\\\Exception\\\\HttpException))\n#12 /var/task/user/vendor/laravel/framework/src/Illuminate/Foundation/Exceptions/Handler.php(739): Illuminate\\\\Foundation\\\\Exceptions\\\\Handler->prepareResponse(Object(Illuminate\\\\Http\\\\Request), Object(Symfony\\\\Component\\\\HttpKernel\\\\Exception\\\\HttpException))\n#13 /var/task/user/vendor/laravel/framework/src/Illuminate/Foundation/Exceptions/Handler.php(627): Illuminate\\\\Foundation\\\\Exceptions\\\\Handler->renderExceptionResponse(Object(Illuminate\\\\Http\\\\Request), Object(Illuminate\\\\Contracts\\\\Container\\\\BindingResolutionException))\n#14 /var/task/user/vendor/laravel/framework/src/Illuminate/Foundation/Bootstrap/HandleExceptions.php(221): Illuminate\\\\Foundation\\\\Exceptions\\\\Handler->render(Object(Illuminate\\\\Http\\\\Request), Object(Illuminate\\\\Contracts\\\\Container\\\\BindingResolutionException))\n#15 /var/task/user/vendor/laravel/framework/src/Illuminate/Foundation/Bootstrap/HandleExceptions.php(198): Illuminate\\\\Foundation\\\\Bootstrap\\\\HandleExceptions->renderHttpResponse(Object(Illuminate\\\\Contracts\\\\Container\\\\BindingResolutionException))\n#16 /var/task/user/vendor/laravel/framework/src/Illuminate/Foundation/Bootstrap/HandleExceptions.php(258): Illuminate\\\\Foundation\\\\Bootstrap\\\\HandleExceptions->handleException(Object(Illuminate\\\\Contracts\\\\Container\\\\BindingResolutionException))\n#17 [internal function]: Illuminate\\\\Foundation\\\\Bootstrap\\\\HandleExceptions->Illuminate\\\\Foundation\\\\Bootstrap\\\\{closure}(Object(Illuminate\\\\Contracts\\\\Container\\\\BindingResolutionException))\n#18 {main}\n  thrown at /var/task/user/vendor/laravel/framework/src/Illuminate/Container/Container.php:1162)\n[stacktrace]\n#0 {main}\n\"} \n\nðŸ˜STDERR: [Tue Dec  2 08:26:25 2025] 127.0.0.1:48822 Closing\n","projectId":"prj_jev7xO0wOTdFzcZjDRXZ6jmSnDTV","traceId":"","sessionId":"","invocationId":"","instanceId":"","concurrency":1},{"TimeUTC":"2025-12-02 08:26:24","timestampInMs":1764663984455,"requestPath":"tw-zapier-login-hqggcon75-nsngarys-projects.vercel.app/","requestMethod":"GET","requestQueryString":"","responseStatusCode":500,"requestId":"f22bw-1764663984356-3e569d374018","requestUserAgent":"vercel-favicon/1.0","level":"error","environment":"production","branch":"main","vercelCache":"","type":"lambda","function":"/api/index","host":"tw-zapier-login-hqggcon75-nsngarys-projects.vercel.app","deploymentDomain":"tw-zapier-login-hqggcon75-nsngarys-projects.vercel.app","deploymentId":"dpl_AdR7jLSgZwjLvrUy4pJf8R3TJEw3","durationMs":9,"region":"iad1","maxMemoryUsed":168,"memorySize":2048,"message":"tainer\\\\BindingResolutionException))\n#19 {main}\n\nNext Illuminate\\\\Contracts\\\\Container\\\\BindingResolutionException: Target class [view] does not exist. in /var/task/user/vendor/laravel/framework/src/Illuminate/Container/Container.php:1162\nStack trace:\n#0 /var/task/user/vendor/laravel/framework/src/Illuminate/Container/Container.php(971): Illuminate\\\\Container\\\\Container->build('view')\n#1 /var/task/user/vendor/laravel/framework/src/Illuminate/Foundation/Application.php(1077): Illuminate\\\\Container\\\\Container->resolve('view', Array, true)\n#2 /var/task/user/vendor/laravel/framework/src/Illuminate/Container/Container.php(902): Illuminate\\\\Foundation\\\\Application->resolve('view', Array)\n#3 /var/task/user/vendor/laravel/framework/src/Illuminate/Foundation/Application.php(1057): Illuminate\\\\Container\\\\Container->make('view', Array)\n#4 /var/task/user/vendor/laravel/framework/src/Illuminate/Container/Container.php(1822): Illuminate\\\\Foundation\\\\Application->make('view')\n#5 /var/task/user/vendor/laravel/framework/src/Illuminate/Support/Facades/Facade.php(240): Illuminate\\\\Container\\\\Container->offsetGet('view')\n#6 /var/task/user/vendor/laravel/framework/src/Illuminate/Support/Facades/Facade.php(211): Illuminate\\\\Support\\\\Facades\\\\Facade::resolveFacadeInstance('view')\n#7 /var/task/user/vendor/laravel/framework/src/Illuminate/Support/Facades/Facade.php(357): Illuminate\\\\Support\\\\Facades\\\\Facade::getFacadeRoot()\n#8 /var/task/user/vendor/laravel/framework/src/Illuminate/Foundation/Exceptions/RegisterErrorViewPaths.php(17): Illuminate\\\\Support\\\\Facades\\\\Facade::__callStatic('replaceNamespac...', Array)\n#9 /var/task/user/vendor/laravel/framework/src/Illuminate/Foundation/Exceptions/Handler.php(948): Illuminate\\\\Foundation\\\\Exceptions\\\\RegisterErrorViewPaths->__invoke()\n#10 /var/task/user/vendor/laravel/framework/src/Illuminate/Foundation/Exceptions/Handler.php(923): Illuminate\\\\Foundation\\\\Exceptions\\\\Handler->registerErrorViewPaths()\n#11 /var/task/user/vendor/laravel/framework/src/Illuminate/Foundation/Exceptions/Handler.php(848): Illuminate\\\\Foundation\\\\Exceptions\\\\Handler->renderHttpException(Object(Symfony\\\\Component\\\\HttpKernel\\\\Exception\\\\HttpException))\n#12 /var/task/user/vendor/laravel/framework/src/Illuminate/Foundation/Exceptions/Handler.php(739): Illuminate\\\\Foundation\\\\Exceptions\\\\Handler->prepareResponse(Object(Illuminate\\\\Http\\\\Request), Object(Symfony\\\\Component\\\\HttpKernel\\\\Exception\\\\HttpException))\n#13 /var/task/user/vendor/laravel/framework/src/Illuminate/Foundation/Exceptions/Handler.php(627): Illuminate\\\\Foundation\\\\Exceptions\\\\Handler->renderExceptionResponse(Object(Illuminate\\\\Http\\\\Request), Object(Illuminate\\\\Contracts\\\\Container\\\\BindingResolutionException))\n#14 /var/task/user/vendor/laravel/framework/src/Illuminate/Foundation/Bootstrap/HandleExceptions.php(221): Illuminate\\\\Foundation\\\\Exceptions\\\\Handler->render(Object(Illuminate\\\\Http\\\\Request), Object(Illuminate\\\\Contracts\\\\Container\\\\BindingResolutionException))\n#15 /var/task/user/vendor/laravel/framework/src/Illuminate/Foundation/Bootstrap/HandleExceptions.php(198): Illuminate\\\\Foundation\\\\Bootstrap\\\\HandleExceptions->renderHttpResponse(Object(Illuminate\\\\Contracts\\\\Container\\\\BindingResolutionException))\n#16 /var/task/user/vendor/laravel/framework/src/Illuminate/Foundation/Bootstrap/HandleExceptions.php(258): Illuminate\\\\Foundation\\\\Bootstrap\\\\HandleExceptions->handleException(Object(Illuminate\\\\Contracts\\\\Container\\\\BindingResolutionException))\n#17 [internal function]: Illuminate\\\\Foundation\\\\Bootstrap\\\\HandleExceptions->Illuminate\\\\Foundation\\\\Bootstrap\\\\{closure}(Object(Illuminate\\\\Contracts\\\\Container\\\\BindingResolutionException))\n#18 {main}\n  thrown at /var/task/user/vendor/laravel/framework/src/Illuminate/Container/Container.php:1162)\n[stacktrace]\n#0 {main}\n\"} \n\nðŸ˜STDERR: [Tue Dec  2 08:26:24 2025] 127.0.0.1:48816 Closing\n","projectId":"prj_jev7xO0wOTdFzcZjDRXZ6jmSnDTV","traceId":"","sessionId":"","invocationId":"","instanceId":"","concurrency":1},{"TimeUTC":"2025-12-02 08:26:17","timestampInMs":1764663977318,"requestPath":"tw-zapier-login-hqggcon75-nsngarys-projects.vercel.app/","requestMethod":"GET","requestQueryString":"","responseStatusCode":500,"requestId":"hb25h-1764663977110-b9cd11268c9e","requestUserAgent":"vercel-screenshot/1.0","level":"error","environment":"production","branch":"main","vercelCache":"","type":"lambda","function":"/api/index","host":"tw-zapier-login-hqggcon75-nsngarys-projects.vercel.app","deploymentDomain":"tw-zapier-login-hqggcon75-nsngarys-projects.vercel.app","deploymentId":"dpl_AdR7jLSgZwjLvrUy4pJf8R3TJEw3","durationMs":10,"region":"iad1","maxMemoryUsed":168,"memorySize":2048,"message":"ainer\\\\BindingResolutionException))\n#19 {main}\n\nNext Illuminate\\\\Contracts\\\\Container\\\\BindingResolutionException: Target class [view] does not exist. in /var/task/user/vendor/laravel/framework/src/Illuminate/Container/Container.php:1162\nStack trace:\n#0 /var/task/user/vendor/laravel/framework/src/Illuminate/Container/Container.php(971): Illuminate\\\\Container\\\\Container->build('view')\n#1 /var/task/user/vendor/laravel/framework/src/Illuminate/Foundation/Application.php(1077): Illuminate\\\\Container\\\\Container->resolve('view', Array, true)\n#2 /var/task/user/vendor/laravel/framework/src/Illuminate/Container/Container.php(902): Illuminate\\\\Foundation\\\\Application->resolve('view', Array)\n#3 /var/task/user/vendor/laravel/framework/src/Illuminate/Foundation/Application.php(1057): Illuminate\\\\Container\\\\Container->make('view', Array)\n#4 /var/task/user/vendor/laravel/framework/src/Illuminate/Container/Container.php(1822): Illuminate\\\\Foundation\\\\Application->make('view')\n#5 /var/task/user/vendor/laravel/framework/src/Illuminate/Support/Facades/Facade.php(240): Illuminate\\\\Container\\\\Container->offsetGet('view')\n#6 /var/task/user/vendor/laravel/framework/src/Illuminate/Support/Facades/Facade.php(211): Illuminate\\\\Support\\\\Facades\\\\Facade::resolveFacadeInstance('view')\n#7 /var/task/user/vendor/laravel/framework/src/Illuminate/Support/Facades/Facade.php(357): Illuminate\\\\Support\\\\Facades\\\\Facade::getFacadeRoot()\n#8 /var/task/user/vendor/laravel/framework/src/Illuminate/Foundation/Exceptions/RegisterErrorViewPaths.php(17): Illuminate\\\\Support\\\\Facades\\\\Facade::__callStatic('replaceNamespac...', Array)\n#9 /var/task/user/vendor/laravel/framework/src/Illuminate/Foundation/Exceptions/Handler.php(948): Illuminate\\\\Foundation\\\\Exceptions\\\\RegisterErrorViewPaths->__invoke()\n#10 /var/task/user/vendor/laravel/framework/src/Illuminate/Foundation/Exceptions/Handler.php(923): Illuminate\\\\Foundation\\\\Exceptions\\\\Handler->registerErrorViewPaths()\n#11 /var/task/user/vendor/laravel/framework/src/Illuminate/Foundation/Exceptions/Handler.php(848): Illuminate\\\\Foundation\\\\Exceptions\\\\Handler->renderHttpException(Object(Symfony\\\\Component\\\\HttpKernel\\\\Exception\\\\HttpException))\n#12 /var/task/user/vendor/laravel/framework/src/Illuminate/Foundation/Exceptions/Handler.php(739): Illuminate\\\\Foundation\\\\Exceptions\\\\Handler->prepareResponse(Object(Illuminate\\\\Http\\\\Request), Object(Symfony\\\\Component\\\\HttpKernel\\\\Exception\\\\HttpException))\n#13 /var/task/user/vendor/laravel/framework/src/Illuminate/Foundation/Exceptions/Handler.php(627): Illuminate\\\\Foundation\\\\Exceptions\\\\Handler->renderExceptionResponse(Object(Illuminate\\\\Http\\\\Request), Object(Illuminate\\\\Contracts\\\\Container\\\\BindingResolutionException))\n#14 /var/task/user/vendor/laravel/framework/src/Illuminate/Foundation/Bootstrap/HandleExceptions.php(221): Illuminate\\\\Foundation\\\\Exceptions\\\\Handler->render(Object(Illuminate\\\\Http\\\\Request), Object(Illuminate\\\\Contracts\\\\Container\\\\BindingResolutionException))\n#15 /var/task/user/vendor/laravel/framework/src/Illuminate/Foundation/Bootstrap/HandleExceptions.php(198): Illuminate\\\\Foundation\\\\Bootstrap\\\\HandleExceptions->renderHttpResponse(Object(Illuminate\\\\Contracts\\\\Container\\\\BindingResolutionException))\n#16 /var/task/user/vendor/laravel/framework/src/Illuminate/Foundation/Bootstrap/HandleExceptions.php(258): Illuminate\\\\Foundation\\\\Bootstrap\\\\HandleExceptions->handleException(Object(Illuminate\\\\Contracts\\\\Container\\\\BindingResolutionException))\n#17 [internal function]: Illuminate\\\\Foundation\\\\Bootstrap\\\\HandleExceptions->Illuminate\\\\Foundation\\\\Bootstrap\\\\{closure}(Object(Illuminate\\\\Contracts\\\\Container\\\\BindingResolutionException))\n#18 {main}\n  thrown at /var/task/user/vendor/laravel/framework/src/Illuminate/Container/Container.php:1162)\n[stacktrace]\n#0 {main}\n\"} \n\nðŸ˜STDERR: [Tue Dec  2 08:26:17 2025] 127.0.0.1:34858 Closing\n","projectId":"prj_jev7xO0wOTdFzcZjDRXZ6jmSnDTV","traceId":"","sessionId":"","invocationId":"","instanceId":"","concurrency":1},{"TimeUTC":"2025-12-02 08:26:17","timestampInMs":1764663977272,"requestPath":"tw-zapier-login-hqggcon75-nsngarys-projects.vercel.app/","requestMethod":"GET","requestQueryString":"","responseStatusCode":500,"requestId":"ccsdn-1764663977170-4e0c5e8c05f3","requestUserAgent":"vercel-screenshot/1.0","level":"error","environment":"production","branch":"main","vercelCache":"","type":"lambda","function":"/api/index","host":"tw-zapier-login-hqggcon75-nsngarys-projects.vercel.app","deploymentDomain":"tw-zapier-login-hqggcon75-nsngarys-projects.vercel.app","deploymentId":"dpl_AdR7jLSgZwjLvrUy4pJf8R3TJEw3","durationMs":12,"region":"iad1","maxMemoryUsed":168,"memorySize":2048,"message":"ainer\\\\BindingResolutionException))\n#19 {main}\n\nNext Illuminate\\\\Contracts\\\\Container\\\\BindingResolutionException: Target class [view] does not exist. in /var/task/user/vendor/laravel/framework/src/Illuminate/Container/Container.php:1162\nStack trace:\n#0 /var/task/user/vendor/laravel/framework/src/Illuminate/Container/Container.php(971): Illuminate\\\\Container\\\\Container->build('view')\n#1 /var/task/user/vendor/laravel/framework/src/Illuminate/Foundation/Application.php(1077): Illuminate\\\\Container\\\\Container->resolve('view', Array, true)\n#2 /var/task/user/vendor/laravel/framework/src/Illuminate/Container/Container.php(902): Illuminate\\\\Foundation\\\\Application->resolve('view', Array)\n#3 /var/task/user/vendor/laravel/framework/src/Illuminate/Foundation/Application.php(1057): Illuminate\\\\Container\\\\Container->make('view', Array)\n#4 /var/task/user/vendor/laravel/framework/src/Illuminate/Container/Container.php(1822): Illuminate\\\\Foundation\\\\Application->make('view')\n#5 /var/task/user/vendor/laravel/framework/src/Illuminate/Support/Facades/Facade.php(240): Illuminate\\\\Container\\\\Container->offsetGet('view')\n#6 /var/task/user/vendor/laravel/framework/src/Illuminate/Support/Facades/Facade.php(211): Illuminate\\\\Support\\\\Facades\\\\Facade::resolveFacadeInstance('view')\n#7 /var/task/user/vendor/laravel/framework/src/Illuminate/Support/Facades/Facade.php(357): Illuminate\\\\Support\\\\Facades\\\\Facade::getFacadeRoot()\n#8 /var/task/user/vendor/laravel/framework/src/Illuminate/Foundation/Exceptions/RegisterErrorViewPaths.php(17): Illuminate\\\\Support\\\\Facades\\\\Facade::__callStatic('replaceNamespac...', Array)\n#9 /var/task/user/vendor/laravel/framework/src/Illuminate/Foundation/Exceptions/Handler.php(948): Illuminate\\\\Foundation\\\\Exceptions\\\\RegisterErrorViewPaths->__invoke()\n#10 /var/task/user/vendor/laravel/framework/src/Illuminate/Foundation/Exceptions/Handler.php(923): Illuminate\\\\Foundation\\\\Exceptions\\\\Handler->registerErrorViewPaths()\n#11 /var/task/user/vendor/laravel/framework/src/Illuminate/Foundation/Exceptions/Handler.php(848): Illuminate\\\\Foundation\\\\Exceptions\\\\Handler->renderHttpException(Object(Symfony\\\\Component\\\\HttpKernel\\\\Exception\\\\HttpException))\n#12 /var/task/user/vendor/laravel/framework/src/Illuminate/Foundation/Exceptions/Handler.php(739): Illuminate\\\\Foundation\\\\Exceptions\\\\Handler->prepareResponse(Object(Illuminate\\\\Http\\\\Request), Object(Symfony\\\\Component\\\\HttpKernel\\\\Exception\\\\HttpException))\n#13 /var/task/user/vendor/laravel/framework/src/Illuminate/Foundation/Exceptions/Handler.php(627): Illuminate\\\\Foundation\\\\Exceptions\\\\Handler->renderExceptionResponse(Object(Illuminate\\\\Http\\\\Request), Object(Illuminate\\\\Contracts\\\\Container\\\\BindingResolutionException))\n#14 /var/task/user/vendor/laravel/framework/src/Illuminate/Foundation/Bootstrap/HandleExceptions.php(221): Illuminate\\\\Foundation\\\\Exceptions\\\\Handler->render(Object(Illuminate\\\\Http\\\\Request), Object(Illuminate\\\\Contracts\\\\Container\\\\BindingResolutionException))\n#15 /var/task/user/vendor/laravel/framework/src/Illuminate/Foundation/Bootstrap/HandleExceptions.php(198): Illuminate\\\\Foundation\\\\Bootstrap\\\\HandleExceptions->renderHttpResponse(Object(Illuminate\\\\Contracts\\\\Container\\\\BindingResolutionException))\n#16 /var/task/user/vendor/laravel/framework/src/Illuminate/Foundation/Bootstrap/HandleExceptions.php(258): Illuminate\\\\Foundation\\\\Bootstrap\\\\HandleExceptions->handleException(Object(Illuminate\\\\Contracts\\\\Container\\\\BindingResolutionException))\n#17 [internal function]: Illuminate\\\\Foundation\\\\Bootstrap\\\\HandleExceptions->Illuminate\\\\Foundation\\\\Bootstrap\\\\{closure}(Object(Illuminate\\\\Contracts\\\\Container\\\\BindingResolutionException))\n#18 {main}\n  thrown at /var/task/user/vendor/laravel/framework/src/Illuminate/Container/Container.php:1162)\n[stacktrace]\n#0 {main}\n\"} \n\nðŸ˜STDERR: [Tue Dec  2 08:26:17 2025] 127.0.0.1:34850 Closing\n","projectId":"prj_jev7xO0wOTdFzcZjDRXZ6jmSnDTV","traceId":"","sessionId":"","invocationId":"","instanceId":"","concurrency":1},{"TimeUTC":"2025-12-02 08:26:17","timestampInMs":1764663977086,"requestPath":"tw-zapier-login-hqggcon75-nsngarys-projects.vercel.app/","requestMethod":"GET","requestQueryString":"","responseStatusCode":500,"requestId":"8fl8z-1764663975651-3838efb7c6d8","requestUserAgent":"vercel-screenshot/1.0","level":"error","environment":"production","branch":"main","vercelCache":"","type":"lambda","function":"/api/index","host":"tw-zapier-login-hqggcon75-nsngarys-projects.vercel.app","deploymentDomain":"tw-zapier-login-hqggcon75-nsngarys-projects.vercel.app","deploymentId":"dpl_AdR7jLSgZwjLvrUy4pJf8R3TJEw3","durationMs":727,"region":"iad1","maxMemoryUsed":168,"memorySize":2048,"message":"eption))\n#19 {main}\n\nNext Illuminate\\\\Contracts\\\\Container\\\\BindingResolutionException: Target class [view] does not exist. in /var/task/user/vendor/laravel/framework/src/Illuminate/Container/Container.php:1162\nStack trace:\n#0 /var/task/user/vendor/laravel/framework/src/Illuminate/Container/Container.php(971): Illuminate\\\\Container\\\\Container->build('view')\n#1 /var/task/user/vendor/laravel/framework/src/Illuminate/Foundation/Application.php(1077): Illuminate\\\\Container\\\\Container->resolve('view', Array, true)\n#2 /var/task/user/vendor/laravel/framework/src/Illuminate/Container/Container.php(902): Illuminate\\\\Foundation\\\\Application->resolve('view', Array)\n#3 /var/task/user/vendor/laravel/framework/src/Illuminate/Foundation/Application.php(1057): Illuminate\\\\Container\\\\Container->make('view', Array)\n#4 /var/task/user/vendor/laravel/framework/src/Illuminate/Container/Container.php(1822): Illuminate\\\\Foundation\\\\Application->make('view')\n#5 /var/task/user/vendor/laravel/framework/src/Illuminate/Support/Facades/Facade.php(240): Illuminate\\\\Container\\\\Container->offsetGet('view')\n#6 /var/task/user/vendor/laravel/framework/src/Illuminate/Support/Facades/Facade.php(211): Illuminate\\\\Support\\\\Facades\\\\Facade::resolveFacadeInstance('view')\n#7 /var/task/user/vendor/laravel/framework/src/Illuminate/Support/Facades/Facade.php(357): Illuminate\\\\Support\\\\Facades\\\\Facade::getFacadeRoot()\n#8 /var/task/user/vendor/laravel/framework/src/Illuminate/Foundation/Exceptions/RegisterErrorViewPaths.php(17): Illuminate\\\\Support\\\\Facades\\\\Facade::__callStatic('replaceNamespac...', Array)\n#9 /var/task/user/vendor/laravel/framework/src/Illuminate/Foundation/Exceptions/Handler.php(948): Illuminate\\\\Foundation\\\\Exceptions\\\\RegisterErrorViewPaths->__invoke()\n#10 /var/task/user/vendor/laravel/framework/src/Illuminate/Foundation/Exceptions/Handler.php(923): Illuminate\\\\Foundation\\\\Exceptions\\\\Handler->registerErrorViewPaths()\n#11 /var/task/user/vendor/laravel/framework/src/Illuminate/Foundation/Exceptions/Handler.php(848): Illuminate\\\\Foundation\\\\Exceptions\\\\Handler->renderHttpException(Object(Symfony\\\\Component\\\\HttpKernel\\\\Exception\\\\HttpException))\n#12 /var/task/user/vendor/laravel/framework/src/Illuminate/Foundation/Exceptions/Handler.php(739): Illuminate\\\\Foundation\\\\Exceptions\\\\Handler->prepareResponse(Object(Illuminate\\\\Http\\\\Request), Object(Symfony\\\\Component\\\\HttpKernel\\\\Exception\\\\HttpException))\n#13 /var/task/user/vendor/laravel/framework/src/Illuminate/Foundation/Exceptions/Handler.php(627): Illuminate\\\\Foundation\\\\Exceptions\\\\Handler->renderExceptionResponse(Object(Illuminate\\\\Http\\\\Request), Object(Illuminate\\\\Contracts\\\\Container\\\\BindingResolutionException))\n#14 /var/task/user/vendor/laravel/framework/src/Illuminate/Foundation/Bootstrap/HandleExceptions.php(221): Illuminate\\\\Foundation\\\\Exceptions\\\\Handler->render(Object(Illuminate\\\\Http\\\\Request), Object(Illuminate\\\\Contracts\\\\Container\\\\BindingResolutionException))\n#15 /var/task/user/vendor/laravel/framework/src/Illuminate/Foundation/Bootstrap/HandleExceptions.php(198): Illuminate\\\\Foundation\\\\Bootstrap\\\\HandleExceptions->renderHttpResponse(Object(Illuminate\\\\Contracts\\\\Container\\\\BindingResolutionException))\n#16 /var/task/user/vendor/laravel/framework/src/Illuminate/Foundation/Bootstrap/HandleExceptions.php(258): Illuminate\\\\Foundation\\\\Bootstrap\\\\HandleExceptions->handleException(Object(Illuminate\\\\Contracts\\\\Container\\\\BindingResolutionException))\n#17 [internal function]: Illuminate\\\\Foundation\\\\Bootstrap\\\\HandleExceptions->Illuminate\\\\Foundation\\\\Bootstrap\\\\{closure}(Object(Illuminate\\\\Contracts\\\\Container\\\\BindingResolutionException))\n#18 {main}\n  thrown at /var/task/user/vendor/laravel/framework/src/Illuminate/Container/Container.php:1162)\n[stacktrace]\n#0 {main}\n\"} \n\nðŸ˜STDERR: [Tue Dec  2 08:26:17 2025] 127.0.0.1:34836 Closing\n","projectId":"prj_jev7xO0wOTdFzcZjDRXZ6jmSnDTV","traceId":"","sessionId":"","invocationId":"","instanceId":"","concurrency":1},{"TimeUTC":"2025-12-02 08:26:17","timestampInMs":1764663977036,"requestPath":"tw-zapier-login-hqggcon75-nsngarys-projects.vercel.app/","requestMethod":"GET","requestQueryString":"","responseStatusCode":500,"requestId":"zkfvf-1764663975708-b91dc1ba6cc9","requestUserAgent":"vercel-screenshot/1.0","level":"error","environment":"production","branch":"main","vercelCache":"","type":"lambda","function":"/api/index","host":"tw-zapier-login-hqggcon75-nsngarys-projects.vercel.app","deploymentDomain":"tw-zapier-login-hqggcon75-nsngarys-projects.vercel.app","deploymentId":"dpl_AdR7jLSgZwjLvrUy4pJf8R3TJEw3","durationMs":722,"region":"iad1","maxMemoryUsed":168,"memorySize":2048,"message":"eption))\n#19 {main}\n\nNext Illuminate\\\\Contracts\\\\Container\\\\BindingResolutionException: Target class [view] does not exist. in /var/task/user/vendor/laravel/framework/src/Illuminate/Container/Container.php:1162\nStack trace:\n#0 /var/task/user/vendor/laravel/framework/src/Illuminate/Container/Container.php(971): Illuminate\\\\Container\\\\Container->build('view')\n#1 /var/task/user/vendor/laravel/framework/src/Illuminate/Foundation/Application.php(1077): Illuminate\\\\Container\\\\Container->resolve('view', Array, true)\n#2 /var/task/user/vendor/laravel/framework/src/Illuminate/Container/Container.php(902): Illuminate\\\\Foundation\\\\Application->resolve('view', Array)\n#3 /var/task/user/vendor/laravel/framework/src/Illuminate/Foundation/Application.php(1057): Illuminate\\\\Container\\\\Container->make('view', Array)\n#4 /var/task/user/vendor/laravel/framework/src/Illuminate/Container/Container.php(1822): Illuminate\\\\Foundation\\\\Application->make('view')\n#5 /var/task/user/vendor/laravel/framework/src/Illuminate/Support/Facades/Facade.php(240): Illuminate\\\\Container\\\\Container->offsetGet('view')\n#6 /var/task/user/vendor/laravel/framework/src/Illuminate/Support/Facades/Facade.php(211): Illuminate\\\\Support\\\\Facades\\\\Facade::resolveFacadeInstance('view')\n#7 /var/task/user/vendor/laravel/framework/src/Illuminate/Support/Facades/Facade.php(357): Illuminate\\\\Support\\\\Facades\\\\Facade::getFacadeRoot()\n#8 /var/task/user/vendor/laravel/framework/src/Illuminate/Foundation/Exceptions/RegisterErrorViewPaths.php(17): Illuminate\\\\Support\\\\Facades\\\\Facade::__callStatic('replaceNamespac...', Array)\n#9 /var/task/user/vendor/laravel/framework/src/Illuminate/Foundation/Exceptions/Handler.php(948): Illuminate\\\\Foundation\\\\Exceptions\\\\RegisterErrorViewPaths->__invoke()\n#10 /var/task/user/vendor/laravel/framework/src/Illuminate/Foundation/Exceptions/Handler.php(923): Illuminate\\\\Foundation\\\\Exceptions\\\\Handler->registerErrorViewPaths()\n#11 /var/task/user/vendor/laravel/framework/src/Illuminate/Foundation/Exceptions/Handler.php(848): Illuminate\\\\Foundation\\\\Exceptions\\\\Handler->renderHttpException(Object(Symfony\\\\Component\\\\HttpKernel\\\\Exception\\\\HttpException))\n#12 /var/task/user/vendor/laravel/framework/src/Illuminate/Foundation/Exceptions/Handler.php(739): Illuminate\\\\Foundation\\\\Exceptions\\\\Handler->prepareResponse(Object(Illuminate\\\\Http\\\\Request), Object(Symfony\\\\Component\\\\HttpKernel\\\\Exception\\\\HttpException))\n#13 /var/task/user/vendor/laravel/framework/src/Illuminate/Foundation/Exceptions/Handler.php(627): Illuminate\\\\Foundation\\\\Exceptions\\\\Handler->renderExceptionResponse(Object(Illuminate\\\\Http\\\\Request), Object(Illuminate\\\\Contracts\\\\Container\\\\BindingResolutionException))\n#14 /var/task/user/vendor/laravel/framework/src/Illuminate/Foundation/Bootstrap/HandleExceptions.php(221): Illuminate\\\\Foundation\\\\Exceptions\\\\Handler->render(Object(Illuminate\\\\Http\\\\Request), Object(Illuminate\\\\Contracts\\\\Container\\\\BindingResolutionException))\n#15 /var/task/user/vendor/laravel/framework/src/Illuminate/Foundation/Bootstrap/HandleExceptions.php(198): Illuminate\\\\Foundation\\\\Bootstrap\\\\HandleExceptions->renderHttpResponse(Object(Illuminate\\\\Contracts\\\\Container\\\\BindingResolutionException))\n#16 /var/task/user/vendor/laravel/framework/src/Illuminate/Foundation/Bootstrap/HandleExceptions.php(258): Illuminate\\\\Foundation\\\\Bootstrap\\\\HandleExceptions->handleException(Object(Illuminate\\\\Contracts\\\\Container\\\\BindingResolutionException))\n#17 [internal function]: Illuminate\\\\Foundation\\\\Bootstrap\\\\HandleExceptions->Illuminate\\\\Foundation\\\\Bootstrap\\\\{closure}(Object(Illuminate\\\\Contracts\\\\Container\\\\BindingResolutionException))\n#18 {main}\n  thrown at /var/task/user/vendor/laravel/framework/src/Illuminate/Container/Container.php:1162)\n[stacktrace]\n#0 {main}\n\"} \n\nðŸ˜STDERR: [Tue Dec  2 08:26:16 2025] 127.0.0.1:59014 Closing\n","projectId":"prj_jev7xO0wOTdFzcZjDRXZ6jmSnDTV","traceId":"","sessionId":"","invocationId":"","instanceId":"","concurrency":1},{"TimeUTC":"2025-12-02 08:26:16","timestampInMs":1764663976912,"requestPath":"tw-zapier-login-hqggcon75-nsngarys-projects.vercel.app/","requestMethod":"GET","requestQueryString":"","responseStatusCode":500,"requestId":"8fl8z-1764663975451-7fe6c912dd47","requestUserAgent":"Mozilla/5.0 (X11; Linux x86_64) AppleWebKit/537.36 (KHTML, like Gecko) HeadlessChrome/141.0.7390.0 Safari/537.36","level":"error","environment":"production","branch":"main","vercelCache":"","type":"lambda","function":"/api/index","host":"tw-zapier-login-hqggcon75-nsngarys-projects.vercel.app","deploymentDomain":"tw-zapier-login-hqggcon75-nsngarys-projects.vercel.app","deploymentId":"dpl_AdR7jLSgZwjLvrUy4pJf8R3TJEw3","durationMs":716,"region":"iad1","maxMemoryUsed":168,"memorySize":2048,"message":"eption))\n#19 {main}\n\nNext Illuminate\\\\Contracts\\\\Container\\\\BindingResolutionException: Target class [view] does not exist. in /var/task/user/vendor/laravel/framework/src/Illuminate/Container/Container.php:1162\nStack trace:\n#0 /var/task/user/vendor/laravel/framework/src/Illuminate/Container/Container.php(971): Illuminate\\\\Container\\\\Container->build('view')\n#1 /var/task/user/vendor/laravel/framework/src/Illuminate/Foundation/Application.php(1077): Illuminate\\\\Container\\\\Container->resolve('view', Array, true)\n#2 /var/task/user/vendor/laravel/framework/src/Illuminate/Container/Container.php(902): Illuminate\\\\Foundation\\\\Application->resolve('view', Array)\n#3 /var/task/user/vendor/laravel/framework/src/Illuminate/Foundation/Application.php(1057): Illuminate\\\\Container\\\\Container->make('view', Array)\n#4 /var/task/user/vendor/laravel/framework/src/Illuminate/Container/Container.php(1822): Illuminate\\\\Foundation\\\\Application->make('view')\n#5 /var/task/user/vendor/laravel/framework/src/Illuminate/Support/Facades/Facade.php(240): Illuminate\\\\Container\\\\Container->offsetGet('view')\n#6 /var/task/user/vendor/laravel/framework/src/Illuminate/Support/Facades/Facade.php(211): Illuminate\\\\Support\\\\Facades\\\\Facade::resolveFacadeInstance('view')\n#7 /var/task/user/vendor/laravel/framework/src/Illuminate/Support/Facades/Facade.php(357): Illuminate\\\\Support\\\\Facades\\\\Facade::getFacadeRoot()\n#8 /var/task/user/vendor/laravel/framework/src/Illuminate/Foundation/Exceptions/RegisterErrorViewPaths.php(17): Illuminate\\\\Support\\\\Facades\\\\Facade::__callStatic('replaceNamespac...', Array)\n#9 /var/task/user/vendor/laravel/framework/src/Illuminate/Foundation/Exceptions/Handler.php(948): Illuminate\\\\Foundation\\\\Exceptions\\\\RegisterErrorViewPaths->__invoke()\n#10 /var/task/user/vendor/laravel/framework/src/Illuminate/Foundation/Exceptions/Handler.php(923): Illuminate\\\\Foundation\\\\Exceptions\\\\Handler->registerErrorViewPaths()\n#11 /var/task/user/vendor/laravel/framework/src/Illuminate/Foundation/Exceptions/Handler.php(848): Illuminate\\\\Foundation\\\\Exceptions\\\\Handler->renderHttpException(Object(Symfony\\\\Component\\\\HttpKernel\\\\Exception\\\\HttpException))\n#12 /var/task/user/vendor/laravel/framework/src/Illuminate/Foundation/Exceptions/Handler.php(739): Illuminate\\\\Foundation\\\\Exceptions\\\\Handler->prepareResponse(Object(Illuminate\\\\Http\\\\Request), Object(Symfony\\\\Component\\\\HttpKernel\\\\Exception\\\\HttpException))\n#13 /var/task/user/vendor/laravel/framework/src/Illuminate/Foundation/Exceptions/Handler.php(627): Illuminate\\\\Foundation\\\\Exceptions\\\\Handler->renderExceptionResponse(Object(Illuminate\\\\Http\\\\Request), Object(Illuminate\\\\Contracts\\\\Container\\\\BindingResolutionException))\n#14 /var/task/user/vendor/laravel/framework/src/Illuminate/Foundation/Bootstrap/HandleExceptions.php(221): Illuminate\\\\Foundation\\\\Exceptions\\\\Handler->render(Object(Illuminate\\\\Http\\\\Request), Object(Illuminate\\\\Contracts\\\\Container\\\\BindingResolutionException))\n#15 /var/task/user/vendor/laravel/framework/src/Illuminate/Foundation/Bootstrap/HandleExceptions.php(198): Illuminate\\\\Foundation\\\\Bootstrap\\\\HandleExceptions->renderHttpResponse(Object(Illuminate\\\\Contracts\\\\Container\\\\BindingResolutionException))\n#16 /var/task/user/vendor/laravel/framework/src/Illuminate/Foundation/Bootstrap/HandleExceptions.php(258): Illuminate\\\\Foundation\\\\Bootstrap\\\\HandleExceptions->handleException(Object(Illuminate\\\\Contracts\\\\Container\\\\BindingResolutionException))\n#17 [internal function]: Illuminate\\\\Foundation\\\\Bootstrap\\\\HandleExceptions->Illuminate\\\\Foundation\\\\Bootstrap\\\\{closure}(Object(Illuminate\\\\Contracts\\\\Container\\\\BindingResolutionException))\n#18 {main}\n  thrown at /var/task/user/vendor/laravel/framework/src/Illuminate/Container/Container.php:1162)\n[stacktrace]\n#0 {main}\n\"} \n\nðŸ˜STDERR: [Tue Dec  2 08:26:16 2025] 127.0.0.1:41454 Closing\n","projectId":"prj_jev7xO0wOTdFzcZjDRXZ6jmSnDTV","traceId":"","sessionId":"","invocationId":"","instanceId":"","concurrency":1},{"TimeUTC":"2025-12-02 08:26:16","timestampInMs":1764663976645,"requestPath":"tw-zapier-login-hqggcon75-nsngarys-projects.vercel.app/","requestMethod":"GET","requestQueryString":"","responseStatusCode":500,"requestId":"vq84f-1764663976536-c3eeaa6f6487","requestUserAgent":"Mozilla/5.0 (X11; Linux x86_64) AppleWebKit/537.36 (KHTML, like Gecko) HeadlessChrome/141.0.7390.0 Safari/537.36","level":"error","environment":"production","branch":"main","vercelCache":"","type":"lambda","function":"/api/index","host":"tw-zapier-login-hqggcon75-nsngarys-projects.vercel.app","deploymentDomain":"tw-zapier-login-hqggcon75-nsngarys-projects.vercel.app","deploymentId":"dpl_AdR7jLSgZwjLvrUy4pJf8R3TJEw3","durationMs":9,"region":"iad1","maxMemoryUsed":168,"memorySize":2048,"message":"tainer\\\\BindingResolutionException))\n#19 {main}\n\nNext Illuminate\\\\Contracts\\\\Container\\\\BindingResolutionException: Target class [view] does not exist. in /var/task/user/vendor/laravel/framework/src/Illuminate/Container/Container.php:1162\nStack trace:\n#0 /var/task/user/vendor/laravel/framework/src/Illuminate/Container/Container.php(971): Illuminate\\\\Container\\\\Container->build('view')\n#1 /var/task/user/vendor/laravel/framework/src/Illuminate/Foundation/Application.php(1077): Illuminate\\\\Container\\\\Container->resolve('view', Array, true)\n#2 /var/task/user/vendor/laravel/framework/src/Illuminate/Container/Container.php(902): Illuminate\\\\Foundation\\\\Application->resolve('view', Array)\n#3 /var/task/user/vendor/laravel/framework/src/Illuminate/Foundation/Application.php(1057): Illuminate\\\\Container\\\\Container->make('view', Array)\n#4 /var/task/user/vendor/laravel/framework/src/Illuminate/Container/Container.php(1822): Illuminate\\\\Foundation\\\\Application->make('view')\n#5 /var/task/user/vendor/laravel/framework/src/Illuminate/Support/Facades/Facade.php(240): Illuminate\\\\Container\\\\Container->offsetGet('view')\n#6 /var/task/user/vendor/laravel/framework/src/Illuminate/Support/Facades/Facade.php(211): Illuminate\\\\Support\\\\Facades\\\\Facade::resolveFacadeInstance('view')\n#7 /var/task/user/vendor/laravel/framework/src/Illuminate/Support/Facades/Facade.php(357): Illuminate\\\\Support\\\\Facades\\\\Facade::getFacadeRoot()\n#8 /var/task/user/vendor/laravel/framework/src/Illuminate/Foundation/Exceptions/RegisterErrorViewPaths.php(17): Illuminate\\\\Support\\\\Facades\\\\Facade::__callStatic('replaceNamespac...', Array)\n#9 /var/task/user/vendor/laravel/framework/src/Illuminate/Foundation/Exceptions/Handler.php(948): Illuminate\\\\Foundation\\\\Exceptions\\\\RegisterErrorViewPaths->__invoke()\n#10 /var/task/user/vendor/laravel/framework/src/Illuminate/Foundation/Exceptions/Handler.php(923): Illuminate\\\\Foundation\\\\Exceptions\\\\Handler->registerErrorViewPaths()\n#11 /var/task/user/vendor/laravel/framework/src/Illuminate/Foundation/Exceptions/Handler.php(848): Illuminate\\\\Foundation\\\\Exceptions\\\\Handler->renderHttpException(Object(Symfony\\\\Component\\\\HttpKernel\\\\Exception\\\\HttpException))\n#12 /var/task/user/vendor/laravel/framework/src/Illuminate/Foundation/Exceptions/Handler.php(739): Illuminate\\\\Foundation\\\\Exceptions\\\\Handler->prepareResponse(Object(Illuminate\\\\Http\\\\Request), Object(Symfony\\\\Component\\\\HttpKernel\\\\Exception\\\\HttpException))\n#13 /var/task/user/vendor/laravel/framework/src/Illuminate/Foundation/Exceptions/Handler.php(627): Illuminate\\\\Foundation\\\\Exceptions\\\\Handler->renderExceptionResponse(Object(Illuminate\\\\Http\\\\Request), Object(Illuminate\\\\Contracts\\\\Container\\\\BindingResolutionException))\n#14 /var/task/user/vendor/laravel/framework/src/Illuminate/Foundation/Bootstrap/HandleExceptions.php(221): Illuminate\\\\Foundation\\\\Exceptions\\\\Handler->render(Object(Illuminate\\\\Http\\\\Request), Object(Illuminate\\\\Contracts\\\\Container\\\\BindingResolutionException))\n#15 /var/task/user/vendor/laravel/framework/src/Illuminate/Foundation/Bootstrap/HandleExceptions.php(198): Illuminate\\\\Foundation\\\\Bootstrap\\\\HandleExceptions->renderHttpResponse(Object(Illuminate\\\\Contracts\\\\Container\\\\BindingResolutionException))\n#16 /var/task/user/vendor/laravel/framework/src/Illuminate/Foundation/Bootstrap/HandleExceptions.php(258): Illuminate\\\\Foundation\\\\Bootstrap\\\\HandleExceptions->handleException(Object(Illuminate\\\\Contracts\\\\Container\\\\BindingResolutionException))\n#17 [internal function]: Illuminate\\\\Foundation\\\\Bootstrap\\\\HandleExceptions->Illuminate\\\\Foundation\\\\Bootstrap\\\\{closure}(Object(Illuminate\\\\Contracts\\\\Container\\\\BindingResolutionException))\n#18 {main}\n  thrown at /var/task/user/vendor/laravel/framework/src/Illuminate/Container/Container.php:1162)\n[stacktrace]\n#0 {main}\n\"} \n\nðŸ˜STDERR: [Tue Dec  2 08:26:16 2025] 127.0.0.1:56672 Closing\n","projectId":"prj_jev7xO0wOTdFzcZjDRXZ6jmSnDTV","traceId":"","sessionId":"","invocationId":"","instanceId":"","concurrency":1},{"TimeUTC":"2025-12-02 08:26:16","timestampInMs":1764663976429,"requestPath":"tw-zapier-login-hqggcon75-nsngarys-projects.vercel.app/","requestMethod":"GET","requestQueryString":"","responseStatusCode":500,"requestId":"w8rbk-1764663976325-dafa724ede0e","requestUserAgent":"Mozilla/5.0 (X11; Linux x86_64) AppleWebKit/537.36 (KHTML, like Gecko) HeadlessChrome/141.0.7390.0 Safari/537.36","level":"error","environment":"production","branch":"main","vercelCache":"","type":"lambda","function":"/api/index","host":"tw-zapier-login-hqggcon75-nsngarys-projects.vercel.app","deploymentDomain":"tw-zapier-login-hqggcon75-nsngarys-projects.vercel.app","deploymentId":"dpl_AdR7jLSgZwjLvrUy4pJf8R3TJEw3","durationMs":11,"region":"iad1","maxMemoryUsed":168,"memorySize":2048,"message":"ainer\\\\BindingResolutionException))\n#19 {main}\n\nNext Illuminate\\\\Contracts\\\\Container\\\\BindingResolutionException: Target class [view] does not exist. in /var/task/user/vendor/laravel/framework/src/Illuminate/Container/Container.php:1162\nStack trace:\n#0 /var/task/user/vendor/laravel/framework/src/Illuminate/Container/Container.php(971): Illuminate\\\\Container\\\\Container->build('view')\n#1 /var/task/user/vendor/laravel/framework/src/Illuminate/Foundation/Application.php(1077): Illuminate\\\\Container\\\\Container->resolve('view', Array, true)\n#2 /var/task/user/vendor/laravel/framework/src/Illuminate/Container/Container.php(902): Illuminate\\\\Foundation\\\\Application->resolve('view', Array)\n#3 /var/task/user/vendor/laravel/framework/src/Illuminate/Foundation/Application.php(1057): Illuminate\\\\Container\\\\Container->make('view', Array)\n#4 /var/task/user/vendor/laravel/framework/src/Illuminate/Container/Container.php(1822): Illuminate\\\\Foundation\\\\Application->make('view')\n#5 /var/task/user/vendor/laravel/framework/src/Illuminate/Support/Facades/Facade.php(240): Illuminate\\\\Container\\\\Container->offsetGet('view')\n#6 /var/task/user/vendor/laravel/framework/src/Illuminate/Support/Facades/Facade.php(211): Illuminate\\\\Support\\\\Facades\\\\Facade::resolveFacadeInstance('view')\n#7 /var/task/user/vendor/laravel/framework/src/Illuminate/Support/Facades/Facade.php(357): Illuminate\\\\Support\\\\Facades\\\\Facade::getFacadeRoot()\n#8 /var/task/user/vendor/laravel/framework/src/Illuminate/Foundation/Exceptions/RegisterErrorViewPaths.php(17): Illuminate\\\\Support\\\\Facades\\\\Facade::__callStatic('replaceNamespac...', Array)\n#9 /var/task/user/vendor/laravel/framework/src/Illuminate/Foundation/Exceptions/Handler.php(948): Illuminate\\\\Foundation\\\\Exceptions\\\\RegisterErrorViewPaths->__invoke()\n#10 /var/task/user/vendor/laravel/framework/src/Illuminate/Foundation/Exceptions/Handler.php(923): Illuminate\\\\Foundation\\\\Exceptions\\\\Handler->registerErrorViewPaths()\n#11 /var/task/user/vendor/laravel/framework/src/Illuminate/Foundation/Exceptions/Handler.php(848): Illuminate\\\\Foundation\\\\Exceptions\\\\Handler->renderHttpException(Object(Symfony\\\\Component\\\\HttpKernel\\\\Exception\\\\HttpException))\n#12 /var/task/user/vendor/laravel/framework/src/Illuminate/Foundation/Exceptions/Handler.php(739): Illuminate\\\\Foundation\\\\Exceptions\\\\Handler->prepareResponse(Object(Illuminate\\\\Http\\\\Request), Object(Symfony\\\\Component\\\\HttpKernel\\\\Exception\\\\HttpException))\n#13 /var/task/user/vendor/laravel/framework/src/Illuminate/Foundation/Exceptions/Handler.php(627): Illuminate\\\\Foundation\\\\Exceptions\\\\Handler->renderExceptionResponse(Object(Illuminate\\\\Http\\\\Request), Object(Illuminate\\\\Contracts\\\\Container\\\\BindingResolutionException))\n#14 /var/task/user/vendor/laravel/framework/src/Illuminate/Foundation/Bootstrap/HandleExceptions.php(221): Illuminate\\\\Foundation\\\\Exceptions\\\\Handler->render(Object(Illuminate\\\\Http\\\\Request), Object(Illuminate\\\\Contracts\\\\Container\\\\BindingResolutionException))\n#15 /var/task/user/vendor/laravel/framework/src/Illuminate/Foundation/Bootstrap/HandleExceptions.php(198): Illuminate\\\\Foundation\\\\Bootstrap\\\\HandleExceptions->renderHttpResponse(Object(Illuminate\\\\Contracts\\\\Container\\\\BindingResolutionException))\n#16 /var/task/user/vendor/laravel/framework/src/Illuminate/Foundation/Bootstrap/HandleExceptions.php(258): Illuminate\\\\Foundation\\\\Bootstrap\\\\HandleExceptions->handleException(Object(Illuminate\\\\Contracts\\\\Container\\\\BindingResolutionException))\n#17 [internal function]: Illuminate\\\\Foundation\\\\Bootstrap\\\\HandleExceptions->Illuminate\\\\Foundation\\\\Bootstrap\\\\{closure}(Object(Illuminate\\\\Contracts\\\\Container\\\\BindingResolutionException))\n#18 {main}\n  thrown at /var/task/user/vendor/laravel/framework/src/Illuminate/Container/Container.php:1162)\n[stacktrace]\n#0 {main}\n\"} \n\nðŸ˜STDERR: [Tue Dec  2 08:26:16 2025] 127.0.0.1:56660 Closing\n","projectId":"prj_jev7xO0wOTdFzcZjDRXZ6jmSnDTV","traceId":"","sessionId":"","invocationId":"","instanceId":"","concurrency":1},{"TimeUTC":"2025-12-02 08:26:16","timestampInMs":1764663976318,"requestPath":"tw-zapier-login-hqggcon75-nsngarys-projects.vercel.app/","requestMethod":"GET","requestQueryString":"","responseStatusCode":500,"requestId":"w8rbk-1764663976100-ba87ee374d74","requestUserAgent":"Mozilla/5.0 (X11; Linux x86_64) AppleWebKit/537.36 (KHTML, like Gecko) HeadlessChrome/141.0.7390.0 Safari/537.36","level":"error","environment":"production","branch":"main","vercelCache":"","type":"lambda","function":"/api/index","host":"tw-zapier-login-hqggcon75-nsngarys-projects.vercel.app","deploymentDomain":"tw-zapier-login-hqggcon75-nsngarys-projects.vercel.app","deploymentId":"dpl_AdR7jLSgZwjLvrUy4pJf8R3TJEw3","durationMs":16,"region":"iad1","maxMemoryUsed":168,"memorySize":2048,"message":"ainer\\\\BindingResolutionException))\n#19 {main}\n\nNext Illuminate\\\\Contracts\\\\Container\\\\BindingResolutionException: Target class [view] does not exist. in /var/task/user/vendor/laravel/framework/src/Illuminate/Container/Container.php:1162\nStack trace:\n#0 /var/task/user/vendor/laravel/framework/src/Illuminate/Container/Container.php(971): Illuminate\\\\Container\\\\Container->build('view')\n#1 /var/task/user/vendor/laravel/framework/src/Illuminate/Foundation/Application.php(1077): Illuminate\\\\Container\\\\Container->resolve('view', Array, true)\n#2 /var/task/user/vendor/laravel/framework/src/Illuminate/Container/Container.php(902): Illuminate\\\\Foundation\\\\Application->resolve('view', Array)\n#3 /var/task/user/vendor/laravel/framework/src/Illuminate/Foundation/Application.php(1057): Illuminate\\\\Container\\\\Container->make('view', Array)\n#4 /var/task/user/vendor/laravel/framework/src/Illuminate/Container/Container.php(1822): Illuminate\\\\Foundation\\\\Application->make('view')\n#5 /var/task/user/vendor/laravel/framework/src/Illuminate/Support/Facades/Facade.php(240): Illuminate\\\\Container\\\\Container->offsetGet('view')\n#6 /var/task/user/vendor/laravel/framework/src/Illuminate/Support/Facades/Facade.php(211): Illuminate\\\\Support\\\\Facades\\\\Facade::resolveFacadeInstance('view')\n#7 /var/task/user/vendor/laravel/framework/src/Illuminate/Support/Facades/Facade.php(357): Illuminate\\\\Support\\\\Facades\\\\Facade::getFacadeRoot()\n#8 /var/task/user/vendor/laravel/framework/src/Illuminate/Foundation/Exceptions/RegisterErrorViewPaths.php(17): Illuminate\\\\Support\\\\Facades\\\\Facade::__callStatic('replaceNamespac...', Array)\n#9 /var/task/user/vendor/laravel/framework/src/Illuminate/Foundation/Exceptions/Handler.php(948): Illuminate\\\\Foundation\\\\Exceptions\\\\RegisterErrorViewPaths->__invoke()\n#10 /var/task/user/vendor/laravel/framework/src/Illuminate/Foundation/Exceptions/Handler.php(923): Illuminate\\\\Foundation\\\\Exceptions\\\\Handler->registerErrorViewPaths()\n#11 /var/task/user/vendor/laravel/framework/src/Illuminate/Foundation/Exceptions/Handler.php(848): Illuminate\\\\Foundation\\\\Exceptions\\\\Handler->renderHttpException(Object(Symfony\\\\Component\\\\HttpKernel\\\\Exception\\\\HttpException))\n#12 /var/task/user/vendor/laravel/framework/src/Illuminate/Foundation/Exceptions/Handler.php(739): Illuminate\\\\Foundation\\\\Exceptions\\\\Handler->prepareResponse(Object(Illuminate\\\\Http\\\\Request), Object(Symfony\\\\Component\\\\HttpKernel\\\\Exception\\\\HttpException))\n#13 /var/task/user/vendor/laravel/framework/src/Illuminate/Foundation/Exceptions/Handler.php(627): Illuminate\\\\Foundation\\\\Exceptions\\\\Handler->renderExceptionResponse(Object(Illuminate\\\\Http\\\\Request), Object(Illuminate\\\\Contracts\\\\Container\\\\BindingResolutionException))\n#14 /var/task/user/vendor/laravel/framework/src/Illuminate/Foundation/Bootstrap/HandleExceptions.php(221): Illuminate\\\\Foundation\\\\Exceptions\\\\Handler->render(Object(Illuminate\\\\Http\\\\Request), Object(Illuminate\\\\Contracts\\\\Container\\\\BindingResolutionException))\n#15 /var/task/user/vendor/laravel/framework/src/Illuminate/Foundation/Bootstrap/HandleExceptions.php(198): Illuminate\\\\Foundation\\\\Bootstrap\\\\HandleExceptions->renderHttpResponse(Object(Illuminate\\\\Contracts\\\\Container\\\\BindingResolutionException))\n#16 /var/task/user/vendor/laravel/framework/src/Illuminate/Foundation/Bootstrap/HandleExceptions.php(258): Illuminate\\\\Foundation\\\\Bootstrap\\\\HandleExceptions->handleException(Object(Illuminate\\\\Contracts\\\\Container\\\\BindingResolutionException))\n#17 [internal function]: Illuminate\\\\Foundation\\\\Bootstrap\\\\HandleExceptions->Illuminate\\\\Foundation\\\\Bootstrap\\\\{closure}(Object(Illuminate\\\\Contracts\\\\Container\\\\BindingResolutionException))\n#18 {main}\n  thrown at /var/task/user/vendor/laravel/framework/src/Illuminate/Container/Container.php:1162)\n[stacktrace]\n#0 {main}\n\"} \n\nðŸ˜STDERR: [Tue Dec  2 08:26:16 2025] 127.0.0.1:56654 Closing\n","projectId":"prj_jev7xO0wOTdFzcZjDRXZ6jmSnDTV","traceId":"","sessionId":"","invocationId":"","instanceId":"","concurrency":1}]